<?xml version="1.0" encoding="UTF-8"?>
<testng-results ignored="0" total="1" passed="1" failed="0" skipped="0">
  <reporter-output>
  </reporter-output>
  <suite started-at="2024-03-21T13:16:14 IST" name="Suite" finished-at="2024-03-21T13:16:38 IST" duration-ms="24905">
    <groups>
      <group name="regression">
        <method signature="TC01_ForgotPassword.verify_TC01_ForgotPassword()[pri:0, instance:testCases.TC01_ForgotPassword@7188af83]" name="verify_TC01_ForgotPassword" class="testCases.TC01_ForgotPassword"/>
      </group> <!-- regression -->
    </groups>
    <test started-at="2024-03-21T13:16:14 IST" name="Test" finished-at="2024-03-21T13:16:38 IST" duration-ms="24905">
      <class name="testCases.TC01_ForgotPassword">
        <test-method is-config="true" signature="setup(java.lang.String,java.lang.String)[pri:0, instance:testCases.TC01_ForgotPassword@7188af83]" started-at="2024-03-21T13:16:14 IST" name="setup" finished-at="2024-03-21T13:16:35 IST" duration-ms="20659" status="PASS">
          <params>
            <param index="0">
              <value>
                <![CDATA[Windows]]>
              </value>
            </param>
            <param index="1">
              <value>
                <![CDATA[chrome]]>
              </value>
            </param>
          </params>
          <reporter-output>
          </reporter-output>
        </test-method> <!-- setup -->
        <test-method signature="verify_TC01_ForgotPassword()[pri:0, instance:testCases.TC01_ForgotPassword@7188af83]" started-at="2024-03-21T13:16:35 IST" name="verify_TC01_ForgotPassword" finished-at="2024-03-21T13:16:37 IST" duration-ms="1976" status="PASS">
          <reporter-output>
          </reporter-output>
        </test-method> <!-- verify_TC01_ForgotPassword -->
        <test-method is-config="true" signature="tearDown()[pri:0, instance:testCases.TC01_ForgotPassword@7188af83]" started-at="2024-03-21T13:16:37 IST" name="tearDown" finished-at="2024-03-21T13:16:38 IST" duration-ms="1224" status="PASS">
          <reporter-output>
          </reporter-output>
        </test-method> <!-- tearDown -->
      </class> <!-- testCases.TC01_ForgotPassword -->
    </test> <!-- Test -->
  </suite> <!-- Suite -->
</testng-results>
